<?xml version="1.0" encoding="UTF-8"?>
<coverage generated="1694770477209" clover="3.2.0">
  <project timestamp="1694770477209" name="All files">
    <metrics statements="49" coveredstatements="38" conditionals="12" coveredconditionals="4" methods="14" coveredmethods="9" elements="75" coveredelements="51" complexity="0" loc="49" ncloc="49" packages="4" files="4" classes="4"/>
    <package name="context">
      <metrics statements="4" coveredstatements="3" conditionals="0" coveredconditionals="0" methods="2" coveredmethods="1"/>
      <file name="useContext.tsx" path="D:\ShareFolderCommon\EmployeeManagementSystem\employee-management\src\context\useContext.tsx">
        <metrics statements="4" coveredstatements="3" conditionals="0" coveredconditionals="0" methods="2" coveredmethods="1"/>
        <line num="4" count="1" type="stmt"/>
        <line num="5" count="0" type="stmt"/>
        <line num="8" count="1" type="stmt"/>
        <line num="9" count="1" type="stmt"/>
      </file>
    </package>
    <package name="pages.Dashboard">
      <metrics statements="13" coveredstatements="5" conditionals="8" coveredconditionals="0" methods="2" coveredmethods="1"/>
      <file name="Dashboard.tsx" path="D:\ShareFolderCommon\EmployeeManagementSystem\employee-management\src\pages\Dashboard\Dashboard.tsx">
        <metrics statements="13" coveredstatements="5" conditionals="8" coveredconditionals="0" methods="2" coveredmethods="1"/>
        <line num="19" count="2" type="stmt"/>
        <line num="20" count="1" type="stmt"/>
        <line num="21" count="1" type="stmt"/>
        <line num="28" count="1" type="stmt"/>
        <line num="29" count="0" type="cond" truecount="0" falsecount="2"/>
        <line num="30" count="0" type="stmt"/>
        <line num="57" count="0" type="cond" truecount="0" falsecount="2"/>
        <line num="58" count="0" type="stmt"/>
        <line num="89" count="0" type="cond" truecount="0" falsecount="2"/>
        <line num="90" count="0" type="stmt"/>
        <line num="122" count="0" type="cond" truecount="0" falsecount="2"/>
        <line num="123" count="0" type="stmt"/>
        <line num="156" count="1" type="stmt"/>
      </file>
    </package>
    <package name="pages.EmployeeList">
      <metrics statements="13" coveredstatements="11" conditionals="0" coveredconditionals="0" methods="6" coveredmethods="3"/>
      <file name="EmpList.tsx" path="D:\ShareFolderCommon\EmployeeManagementSystem\employee-management\src\pages\EmployeeList\EmpList.tsx">
        <metrics statements="13" coveredstatements="11" conditionals="0" coveredconditionals="0" methods="6" coveredmethods="3"/>
        <line num="8" count="1" type="stmt"/>
        <line num="9" count="2" type="stmt"/>
        <line num="10" count="2" type="stmt"/>
        <line num="11" count="2" type="stmt"/>
        <line num="12" count="2" type="stmt"/>
        <line num="14" count="2" type="stmt"/>
        <line num="15" count="2" type="stmt"/>
        <line num="17" count="4" type="stmt"/>
        <line num="26" count="2" type="stmt"/>
        <line num="28" count="2" type="stmt"/>
        <line num="29" count="0" type="stmt"/>
        <line num="30" count="0" type="stmt"/>
        <line num="33" count="2" type="stmt"/>
      </file>
    </package>
    <package name="pages.Login">
      <metrics statements="19" coveredstatements="19" conditionals="4" coveredconditionals="4" methods="4" coveredmethods="4"/>
      <file name="Login.tsx" path="D:\ShareFolderCommon\EmployeeManagementSystem\employee-management\src\pages\Login\Login.tsx">
        <metrics statements="19" coveredstatements="19" conditionals="4" coveredconditionals="4" methods="4" coveredmethods="4"/>
        <line num="7" count="1" type="stmt"/>
        <line num="8" count="7" type="stmt"/>
        <line num="9" count="7" type="stmt"/>
        <line num="10" count="7" type="stmt"/>
        <line num="11" count="7" type="stmt"/>
        <line num="12" count="7" type="stmt"/>
        <line num="14" count="7" type="stmt"/>
        <line num="15" count="2" type="stmt"/>
        <line num="16" count="2" type="stmt"/>
        <line num="17" count="2" type="stmt"/>
        <line num="20" count="7" type="stmt"/>
        <line num="21" count="2" type="stmt"/>
        <line num="24" count="7" type="stmt"/>
        <line num="25" count="2" type="stmt"/>
        <line num="26" count="2" type="stmt"/>
        <line num="27" count="2" type="cond" truecount="4" falsecount="0"/>
        <line num="28" count="1" type="stmt"/>
        <line num="30" count="1" type="stmt"/>
        <line num="36" count="7" type="stmt"/>
      </file>
    </package>
  </project>
</coverage>
