<?xml version="1.0" encoding="UTF-8"?>
<coverage generated="1694691062396" clover="3.2.0">
  <project timestamp="1694691062396" name="All files">
    <metrics statements="20" coveredstatements="12" conditionals="4" coveredconditionals="0" methods="5" coveredmethods="2" elements="29" coveredelements="14" complexity="0" loc="20" ncloc="20" packages="3" files="3" classes="3"/>
    <package name="employee-management">
      <metrics statements="1" coveredstatements="0" conditionals="0" coveredconditionals="0" methods="0" coveredmethods="0"/>
      <file name="jest.config.ts" path="D:\ShareFolderCommon\EmployeeManagementSystem\employee-management\jest.config.ts">
        <metrics statements="1" coveredstatements="0" conditionals="0" coveredconditionals="0" methods="0" coveredmethods="0"/>
        <line num="4" count="0" type="stmt"/>
      </file>
    </package>
    <package name="employee-management.src.component">
      <metrics statements="2" coveredstatements="2" conditionals="0" coveredconditionals="0" methods="1" coveredmethods="1"/>
      <file name="Input.tsx" path="D:\ShareFolderCommon\EmployeeManagementSystem\employee-management\src\component\Input.tsx">
        <metrics statements="2" coveredstatements="2" conditionals="0" coveredconditionals="0" methods="1" coveredmethods="1"/>
        <line num="4" count="1" type="stmt"/>
        <line num="5" count="2" type="stmt"/>
      </file>
    </package>
    <package name="employee-management.src.pages.Login">
      <metrics statements="17" coveredstatements="10" conditionals="4" coveredconditionals="0" methods="4" coveredmethods="1"/>
      <file name="Login.tsx" path="D:\ShareFolderCommon\EmployeeManagementSystem\employee-management\src\pages\Login\Login.tsx">
        <metrics statements="17" coveredstatements="10" conditionals="4" coveredconditionals="0" methods="4" coveredmethods="1"/>
        <line num="6" count="1" type="stmt"/>
        <line num="7" count="1" type="stmt"/>
        <line num="8" count="1" type="stmt"/>
        <line num="9" count="1" type="stmt"/>
        <line num="10" count="1" type="stmt"/>
        <line num="11" count="1" type="stmt"/>
        <line num="13" count="1" type="stmt"/>
        <line num="14" count="0" type="stmt"/>
        <line num="17" count="1" type="stmt"/>
        <line num="18" count="0" type="stmt"/>
        <line num="21" count="1" type="stmt"/>
        <line num="22" count="0" type="stmt"/>
        <line num="23" count="0" type="stmt"/>
        <line num="24" count="0" type="cond" truecount="0" falsecount="4"/>
        <line num="25" count="0" type="stmt"/>
        <line num="27" count="0" type="stmt"/>
        <line num="33" count="1" type="stmt"/>
      </file>
    </package>
  </project>
</coverage>
