{"D:\\ShareFolderCommon\\EmployeeManagementSystem\\employee-management\\src\\App.tsx": {"path":"D:\\ShareFolderCommon\\EmployeeManagementSystem\\employee-management\\src\\App.tsx","statementMap":{"0":{"start":{"line":8,"column":2},"end":{"line":16,"column":4}}},"fnMap":{"0":{"name":"App","decl":{"start":{"line":7,"column":9},"end":{"line":7,"column":12}},"loc":{"start":{"line":7,"column":15},"end":{"line":17,"column":1}},"line":7}},"branchMap":{},"s":{"0":0},"f":{"0":0},"b":{}}
,"D:\\ShareFolderCommon\\EmployeeManagementSystem\\employee-management\\src\\component\\Button.tsx": {"path":"D:\\ShareFolderCommon\\EmployeeManagementSystem\\employee-management\\src\\component\\Button.tsx","statementMap":{"0":{"start":{"line":5,"column":15},"end":{"line":27,"column":2}},"1":{"start":{"line":6,"column":17},"end":{"line":6,"column":35}},"2":{"start":{"line":7,"column":2},"end":{"line":15,"column":6}},"3":{"start":{"line":7,"column":42},"end":{"line":15,"column":3}},"4":{"start":{"line":9,"column":6},"end":{"line":9,"column":65}},"5":{"start":{"line":10,"column":6},"end":{"line":10,"column":15}},"6":{"start":{"line":13,"column":6},"end":{"line":13,"column":33}},"7":{"start":{"line":16,"column":2},"end":{"line":26,"column":4}}},"fnMap":{"0":{"name":"(anonymous_0)","decl":{"start":{"line":5,"column":44},"end":{"line":5,"column":45}},"loc":{"start":{"line":5,"column":62},"end":{"line":27,"column":1}},"line":5},"1":{"name":"(anonymous_1)","decl":{"start":{"line":7,"column":35},"end":{"line":7,"column":36}},"loc":{"start":{"line":7,"column":42},"end":{"line":15,"column":3}},"line":7},"2":{"name":"(anonymous_2)","decl":{"start":{"line":8,"column":13},"end":{"line":8,"column":14}},"loc":{"start":{"line":8,"column":19},"end":{"line":11,"column":5}},"line":8},"3":{"name":"(anonymous_3)","decl":{"start":{"line":12,"column":12},"end":{"line":12,"column":13}},"loc":{"start":{"line":12,"column":18},"end":{"line":14,"column":5}},"line":12}},"branchMap":{},"s":{"0":1,"1":2,"2":1,"3":0,"4":0,"5":0,"6":0,"7":1},"f":{"0":2,"1":0,"2":0,"3":0},"b":{},"_coverageSchema":"1a1c01bbd47fc00a2c39e90264f33305004495a9","hash":"0c7ec11de71dee06f9f9534ade706ae2183a4038"}
,"D:\\ShareFolderCommon\\EmployeeManagementSystem\\employee-management\\src\\component\\EmpModal.tsx": {"path":"D:\\ShareFolderCommon\\EmployeeManagementSystem\\employee-management\\src\\component\\EmpModal.tsx","statementMap":{"0":{"start":{"line":9,"column":17},"end":{"line":109,"column":1}},"1":{"start":{"line":10,"column":32},"end":{"line":10,"column":37}},"2":{"start":{"line":11,"column":17},"end":{"line":11,"column":29}},"3":{"start":{"line":12,"column":21},"end":{"line":12,"column":41}},"4":{"start":{"line":13,"column":26},"end":{"line":13,"column":38}},"5":{"start":{"line":14,"column":32},"end":{"line":14,"column":44}},"6":{"start":{"line":16,"column":25},"end":{"line":18,"column":3}},"7":{"start":{"line":17,"column":4},"end":{"line":17,"column":31}},"8":{"start":{"line":20,"column":22},"end":{"line":22,"column":3}},"9":{"start":{"line":21,"column":4},"end":{"line":21,"column":28}},"10":{"start":{"line":24,"column":20},"end":{"line":82,"column":3}},"11":{"start":{"line":25,"column":16},"end":{"line":52,"column":5}},"12":{"start":{"line":53,"column":4},"end":{"line":55,"column":5}},"13":{"start":{"line":54,"column":6},"end":{"line":54,"column":13}},"14":{"start":{"line":56,"column":4},"end":{"line":81,"column":9}},"15":{"start":{"line":65,"column":8},"end":{"line":65,"column":27}},"16":{"start":{"line":68,"column":8},"end":{"line":68,"column":26}},"17":{"start":{"line":68,"column":19},"end":{"line":68,"column":26}},"18":{"start":{"line":69,"column":8},"end":{"line":76,"column":13}},"19":{"start":{"line":71,"column":12},"end":{"line":71,"column":31}},"20":{"start":{"line":74,"column":12},"end":{"line":74,"column":27}},"21":{"start":{"line":75,"column":12},"end":{"line":75,"column":26}},"22":{"start":{"line":80,"column":8},"end":{"line":80,"column":27}},"23":{"start":{"line":84,"column":2},"end":{"line":108,"column":4}}},"fnMap":{"0":{"name":"(anonymous_0)","decl":{"start":{"line":9,"column":17},"end":{"line":9,"column":18}},"loc":{"start":{"line":9,"column":35},"end":{"line":109,"column":1}},"line":9},"1":{"name":"(anonymous_1)","decl":{"start":{"line":16,"column":25},"end":{"line":16,"column":26}},"loc":{"start":{"line":16,"column":32},"end":{"line":18,"column":3}},"line":16},"2":{"name":"(anonymous_2)","decl":{"start":{"line":20,"column":22},"end":{"line":20,"column":23}},"loc":{"start":{"line":20,"column":29},"end":{"line":22,"column":3}},"line":20},"3":{"name":"(anonymous_3)","decl":{"start":{"line":24,"column":20},"end":{"line":24,"column":21}},"loc":{"start":{"line":24,"column":26},"end":{"line":82,"column":3}},"line":24},"4":{"name":"(anonymous_4)","decl":{"start":{"line":64,"column":12},"end":{"line":64,"column":13}},"loc":{"start":{"line":64,"column":22},"end":{"line":66,"column":7}},"line":64},"5":{"name":"(anonymous_5)","decl":{"start":{"line":67,"column":12},"end":{"line":67,"column":13}},"loc":{"start":{"line":67,"column":22},"end":{"line":77,"column":7}},"line":67},"6":{"name":"(anonymous_6)","decl":{"start":{"line":70,"column":16},"end":{"line":70,"column":17}},"loc":{"start":{"line":70,"column":26},"end":{"line":72,"column":11}},"line":70},"7":{"name":"(anonymous_7)","decl":{"start":{"line":73,"column":16},"end":{"line":73,"column":17}},"loc":{"start":{"line":73,"column":28},"end":{"line":76,"column":11}},"line":73},"8":{"name":"(anonymous_8)","decl":{"start":{"line":79,"column":13},"end":{"line":79,"column":14}},"loc":{"start":{"line":79,"column":24},"end":{"line":81,"column":7}},"line":79}},"branchMap":{"0":{"loc":{"start":{"line":53,"column":4},"end":{"line":55,"column":5}},"type":"if","locations":[{"start":{"line":53,"column":4},"end":{"line":55,"column":5}},{"start":{},"end":{}}],"line":53},"1":{"loc":{"start":{"line":53,"column":8},"end":{"line":53,"column":25}},"type":"binary-expr","locations":[{"start":{"line":53,"column":8},"end":{"line":53,"column":13}},{"start":{"line":53,"column":17},"end":{"line":53,"column":25}}],"line":53},"2":{"loc":{"start":{"line":68,"column":8},"end":{"line":68,"column":26}},"type":"if","locations":[{"start":{"line":68,"column":8},"end":{"line":68,"column":26}},{"start":{},"end":{}}],"line":68}},"s":{"0":0,"1":0,"2":0,"3":0,"4":0,"5":0,"6":0,"7":0,"8":0,"9":0,"10":0,"11":0,"12":0,"13":0,"14":0,"15":0,"16":0,"17":0,"18":0,"19":0,"20":0,"21":0,"22":0,"23":0},"f":{"0":0,"1":0,"2":0,"3":0,"4":0,"5":0,"6":0,"7":0,"8":0},"b":{"0":[0,0],"1":[0,0],"2":[0,0]}}
,"D:\\ShareFolderCommon\\EmployeeManagementSystem\\employee-management\\src\\component\\Header.tsx": {"path":"D:\\ShareFolderCommon\\EmployeeManagementSystem\\employee-management\\src\\component\\Header.tsx","statementMap":{"0":{"start":{"line":7,"column":15},"end":{"line":30,"column":1}},"1":{"start":{"line":8,"column":26},"end":{"line":8,"column":43}},"2":{"start":{"line":9,"column":17},"end":{"line":11,"column":3}},"3":{"start":{"line":10,"column":4},"end":{"line":10,"column":23}},"4":{"start":{"line":12,"column":2},"end":{"line":29,"column":4}}},"fnMap":{"0":{"name":"(anonymous_0)","decl":{"start":{"line":7,"column":15},"end":{"line":7,"column":16}},"loc":{"start":{"line":7,"column":21},"end":{"line":30,"column":1}},"line":7},"1":{"name":"(anonymous_1)","decl":{"start":{"line":9,"column":17},"end":{"line":9,"column":18}},"loc":{"start":{"line":9,"column":24},"end":{"line":11,"column":3}},"line":9}},"branchMap":{},"s":{"0":0,"1":0,"2":0,"3":0,"4":0},"f":{"0":0,"1":0},"b":{}}
,"D:\\ShareFolderCommon\\EmployeeManagementSystem\\employee-management\\src\\pages\\Dashboard\\Dashboard.tsx": {"path":"D:\\ShareFolderCommon\\EmployeeManagementSystem\\employee-management\\src\\pages\\Dashboard\\Dashboard.tsx","statementMap":{"0":{"start":{"line":4,"column":18},"end":{"line":25,"column":1}},"1":{"start":{"line":5,"column":17},"end":{"line":9,"column":3}},"2":{"start":{"line":10,"column":2},"end":{"line":24,"column":4}}},"fnMap":{"0":{"name":"(anonymous_0)","decl":{"start":{"line":4,"column":18},"end":{"line":4,"column":19}},"loc":{"start":{"line":4,"column":24},"end":{"line":25,"column":1}},"line":4}},"branchMap":{},"s":{"0":0,"1":0,"2":0},"f":{"0":0},"b":{}}
,"D:\\ShareFolderCommon\\EmployeeManagementSystem\\employee-management\\src\\pages\\EmployeeList\\EmpList.tsx": {"path":"D:\\ShareFolderCommon\\EmployeeManagementSystem\\employee-management\\src\\pages\\EmployeeList\\EmpList.tsx","statementMap":{"0":{"start":{"line":8,"column":16},"end":{"line":56,"column":1}},"1":{"start":{"line":9,"column":26},"end":{"line":9,"column":46}},"2":{"start":{"line":10,"column":17},"end":{"line":10,"column":25}},"3":{"start":{"line":11,"column":26},"end":{"line":11,"column":47}},"4":{"start":{"line":12,"column":21},"end":{"line":12,"column":40}},"5":{"start":{"line":12,"column":27},"end":{"line":12,"column":40}},"6":{"start":{"line":13,"column":22},"end":{"line":13,"column":42}},"7":{"start":{"line":13,"column":28},"end":{"line":13,"column":42}},"8":{"start":{"line":15,"column":21},"end":{"line":28,"column":3}},"9":{"start":{"line":16,"column":17},"end":{"line":26,"column":5}},"10":{"start":{"line":18,"column":8},"end":{"line":24,"column":10}},"11":{"start":{"line":27,"column":4},"end":{"line":27,"column":16}},"12":{"start":{"line":29,"column":17},"end":{"line":32,"column":3}},"13":{"start":{"line":30,"column":4},"end":{"line":30,"column":27}},"14":{"start":{"line":31,"column":4},"end":{"line":31,"column":17}},"15":{"start":{"line":34,"column":2},"end":{"line":55,"column":4}}},"fnMap":{"0":{"name":"(anonymous_0)","decl":{"start":{"line":8,"column":16},"end":{"line":8,"column":17}},"loc":{"start":{"line":8,"column":22},"end":{"line":56,"column":1}},"line":8},"1":{"name":"(anonymous_1)","decl":{"start":{"line":12,"column":21},"end":{"line":12,"column":22}},"loc":{"start":{"line":12,"column":27},"end":{"line":12,"column":40}},"line":12},"2":{"name":"(anonymous_2)","decl":{"start":{"line":13,"column":22},"end":{"line":13,"column":23}},"loc":{"start":{"line":13,"column":28},"end":{"line":13,"column":42}},"line":13},"3":{"name":"(anonymous_3)","decl":{"start":{"line":15,"column":21},"end":{"line":15,"column":22}},"loc":{"start":{"line":15,"column":27},"end":{"line":28,"column":3}},"line":15},"4":{"name":"(anonymous_4)","decl":{"start":{"line":17,"column":6},"end":{"line":17,"column":7}},"loc":{"start":{"line":17,"column":70},"end":{"line":25,"column":7}},"line":17},"5":{"name":"(anonymous_5)","decl":{"start":{"line":29,"column":17},"end":{"line":29,"column":18}},"loc":{"start":{"line":29,"column":23},"end":{"line":32,"column":3}},"line":29}},"branchMap":{},"s":{"0":0,"1":0,"2":0,"3":0,"4":0,"5":0,"6":0,"7":0,"8":0,"9":0,"10":0,"11":0,"12":0,"13":0,"14":0,"15":0},"f":{"0":0,"1":0,"2":0,"3":0,"4":0,"5":0},"b":{}}
,"D:\\ShareFolderCommon\\EmployeeManagementSystem\\employee-management\\src\\pages\\Login\\Login.tsx": {"path":"D:\\ShareFolderCommon\\EmployeeManagementSystem\\employee-management\\src\\pages\\Login\\Login.tsx","statementMap":{"0":{"start":{"line":6,"column":14},"end":{"line":28,"column":1}},"1":{"start":{"line":7,"column":18},"end":{"line":7,"column":30}},"2":{"start":{"line":8,"column":17},"end":{"line":8,"column":29}},"3":{"start":{"line":9,"column":26},"end":{"line":9,"column":43}},"4":{"start":{"line":11,"column":23},"end":{"line":15,"column":3}},"5":{"start":{"line":12,"column":4},"end":{"line":12,"column":33}},"6":{"start":{"line":13,"column":4},"end":{"line":13,"column":22}},"7":{"start":{"line":17,"column":2},"end":{"line":27,"column":4}}},"fnMap":{"0":{"name":"(anonymous_0)","decl":{"start":{"line":6,"column":14},"end":{"line":6,"column":15}},"loc":{"start":{"line":6,"column":20},"end":{"line":28,"column":1}},"line":6},"1":{"name":"(anonymous_1)","decl":{"start":{"line":11,"column":23},"end":{"line":11,"column":24}},"loc":{"start":{"line":11,"column":29},"end":{"line":15,"column":3}},"line":11}},"branchMap":{},"s":{"0":1,"1":2,"2":1,"3":1,"4":1,"5":0,"6":0,"7":1},"f":{"0":2,"1":0},"b":{},"_coverageSchema":"1a1c01bbd47fc00a2c39e90264f33305004495a9","hash":"e1e31aa89f9aae61d6ca1c0a5392e74b8b6322a1"}
}
