{"D:\\ShareFolderCommon\\EmployeeManagementSystem\\employee-management\\src\\App.tsx": {"path":"D:\\ShareFolderCommon\\EmployeeManagementSystem\\employee-management\\src\\App.tsx","statementMap":{"0":{"start":{"line":8,"column":2},"end":{"line":16,"column":4}}},"fnMap":{"0":{"name":"App","decl":{"start":{"line":7,"column":9},"end":{"line":7,"column":12}},"loc":{"start":{"line":7,"column":15},"end":{"line":17,"column":1}},"line":7}},"branchMap":{},"s":{"0":0},"f":{"0":0},"b":{}}
,"D:\\ShareFolderCommon\\EmployeeManagementSystem\\employee-management\\src\\component\\AppLayout.tsx": {"path":"D:\\ShareFolderCommon\\EmployeeManagementSystem\\employee-management\\src\\component\\AppLayout.tsx","statementMap":{"0":{"start":{"line":17,"column":25},"end":{"line":56,"column":1}},"1":{"start":{"line":18,"column":23},"end":{"line":18,"column":40}},"2":{"start":{"line":19,"column":21},"end":{"line":19,"column":41}},"3":{"start":{"line":24,"column":21},"end":{"line":32,"column":3}},"4":{"start":{"line":25,"column":4},"end":{"line":31,"column":5}},"5":{"start":{"line":26,"column":19},"end":{"line":26,"column":54}},"6":{"start":{"line":27,"column":21},"end":{"line":27,"column":38}},"7":{"start":{"line":28,"column":6},"end":{"line":28,"column":21}},"8":{"start":{"line":30,"column":6},"end":{"line":30,"column":25}},"9":{"start":{"line":33,"column":2},"end":{"line":35,"column":9}},"10":{"start":{"line":34,"column":4},"end":{"line":34,"column":17}},"11":{"start":{"line":37,"column":2},"end":{"line":55,"column":4}}},"fnMap":{"0":{"name":"(anonymous_0)","decl":{"start":{"line":17,"column":25},"end":{"line":17,"column":26}},"loc":{"start":{"line":17,"column":31},"end":{"line":56,"column":1}},"line":17},"1":{"name":"(anonymous_1)","decl":{"start":{"line":24,"column":21},"end":{"line":24,"column":22}},"loc":{"start":{"line":24,"column":33},"end":{"line":32,"column":3}},"line":24},"2":{"name":"(anonymous_2)","decl":{"start":{"line":33,"column":12},"end":{"line":33,"column":13}},"loc":{"start":{"line":33,"column":18},"end":{"line":35,"column":3}},"line":33}},"branchMap":{"0":{"loc":{"start":{"line":39,"column":7},"end":{"line":53,"column":7}},"type":"cond-expr","locations":[{"start":{"line":40,"column":8},"end":{"line":50,"column":14}},{"start":{"line":52,"column":8},"end":{"line":52,"column":17}}],"line":39}},"s":{"0":0,"1":0,"2":0,"3":0,"4":0,"5":0,"6":0,"7":0,"8":0,"9":0,"10":0,"11":0},"f":{"0":0,"1":0,"2":0},"b":{"0":[0,0]}}
,"D:\\ShareFolderCommon\\EmployeeManagementSystem\\employee-management\\src\\component\\Button.tsx": {"path":"D:\\ShareFolderCommon\\EmployeeManagementSystem\\employee-management\\src\\component\\Button.tsx","statementMap":{"0":{"start":{"line":9,"column":22},"end":{"line":23,"column":1}},"1":{"start":{"line":11,"column":4},"end":{"line":21,"column":6}}},"fnMap":{"0":{"name":"(anonymous_0)","decl":{"start":{"line":10,"column":2},"end":{"line":10,"column":3}},"loc":{"start":{"line":10,"column":18},"end":{"line":22,"column":3}},"line":10}},"branchMap":{},"s":{"0":2,"1":9},"f":{"0":9},"b":{},"_coverageSchema":"1a1c01bbd47fc00a2c39e90264f33305004495a9","hash":"e2ceecdfd9f21e4eca1c0d161fe32e601b0e555e"}
,"D:\\ShareFolderCommon\\EmployeeManagementSystem\\employee-management\\src\\component\\Drawer.tsx": {"path":"D:\\ShareFolderCommon\\EmployeeManagementSystem\\employee-management\\src\\component\\Drawer.tsx","statementMap":{"0":{"start":{"line":9,"column":22},"end":{"line":26,"column":1}},"1":{"start":{"line":10,"column":2},"end":{"line":25,"column":4}},"2":{"start":{"line":14,"column":10},"end":{"line":21,"column":12}}},"fnMap":{"0":{"name":"(anonymous_0)","decl":{"start":{"line":9,"column":22},"end":{"line":9,"column":23}},"loc":{"start":{"line":9,"column":28},"end":{"line":26,"column":1}},"line":9},"1":{"name":"(anonymous_1)","decl":{"start":{"line":13,"column":23},"end":{"line":13,"column":24}},"loc":{"start":{"line":13,"column":33},"end":{"line":22,"column":9}},"line":13}},"branchMap":{},"s":{"0":0,"1":0,"2":0},"f":{"0":0,"1":0},"b":{}}
,"D:\\ShareFolderCommon\\EmployeeManagementSystem\\employee-management\\src\\component\\EmpModal.tsx": {"path":"D:\\ShareFolderCommon\\EmployeeManagementSystem\\employee-management\\src\\component\\EmpModal.tsx","statementMap":{"0":{"start":{"line":14,"column":49},"end":{"line":102,"column":1}},"1":{"start":{"line":15,"column":17},"end":{"line":15,"column":29}},"2":{"start":{"line":16,"column":21},"end":{"line":16,"column":41}},"3":{"start":{"line":17,"column":26},"end":{"line":17,"column":38}},"4":{"start":{"line":18,"column":32},"end":{"line":18,"column":44}},"5":{"start":{"line":20,"column":25},"end":{"line":22,"column":3}},"6":{"start":{"line":21,"column":4},"end":{"line":21,"column":31}},"7":{"start":{"line":24,"column":22},"end":{"line":26,"column":3}},"8":{"start":{"line":25,"column":4},"end":{"line":25,"column":28}},"9":{"start":{"line":28,"column":20},"end":{"line":75,"column":3}},"10":{"start":{"line":29,"column":16},"end":{"line":52,"column":5}},"11":{"start":{"line":53,"column":4},"end":{"line":55,"column":5}},"12":{"start":{"line":54,"column":6},"end":{"line":54,"column":13}},"13":{"start":{"line":56,"column":4},"end":{"line":74,"column":9}},"14":{"start":{"line":63,"column":22},"end":{"line":63,"column":33}},"15":{"start":{"line":65,"column":8},"end":{"line":70,"column":13}},"16":{"start":{"line":66,"column":26},"end":{"line":66,"column":37}},"17":{"start":{"line":68,"column":12},"end":{"line":68,"column":27}},"18":{"start":{"line":69,"column":12},"end":{"line":69,"column":26}},"19":{"start":{"line":73,"column":8},"end":{"line":73,"column":27}},"20":{"start":{"line":77,"column":2},"end":{"line":101,"column":4}}},"fnMap":{"0":{"name":"(anonymous_0)","decl":{"start":{"line":14,"column":49},"end":{"line":14,"column":50}},"loc":{"start":{"line":14,"column":76},"end":{"line":102,"column":1}},"line":14},"1":{"name":"(anonymous_1)","decl":{"start":{"line":20,"column":25},"end":{"line":20,"column":26}},"loc":{"start":{"line":20,"column":69},"end":{"line":22,"column":3}},"line":20},"2":{"name":"(anonymous_2)","decl":{"start":{"line":24,"column":22},"end":{"line":24,"column":23}},"loc":{"start":{"line":24,"column":66},"end":{"line":26,"column":3}},"line":24},"3":{"name":"(anonymous_3)","decl":{"start":{"line":28,"column":20},"end":{"line":28,"column":21}},"loc":{"start":{"line":28,"column":26},"end":{"line":75,"column":3}},"line":28},"4":{"name":"(anonymous_4)","decl":{"start":{"line":63,"column":12},"end":{"line":63,"column":13}},"loc":{"start":{"line":63,"column":22},"end":{"line":63,"column":33}},"line":63},"5":{"name":"(anonymous_5)","decl":{"start":{"line":64,"column":12},"end":{"line":64,"column":13}},"loc":{"start":{"line":64,"column":18},"end":{"line":71,"column":7}},"line":64},"6":{"name":"(anonymous_6)","decl":{"start":{"line":66,"column":16},"end":{"line":66,"column":17}},"loc":{"start":{"line":66,"column":26},"end":{"line":66,"column":37}},"line":66},"7":{"name":"(anonymous_7)","decl":{"start":{"line":67,"column":16},"end":{"line":67,"column":17}},"loc":{"start":{"line":67,"column":28},"end":{"line":70,"column":11}},"line":67},"8":{"name":"(anonymous_8)","decl":{"start":{"line":72,"column":13},"end":{"line":72,"column":14}},"loc":{"start":{"line":72,"column":24},"end":{"line":74,"column":7}},"line":72}},"branchMap":{"0":{"loc":{"start":{"line":53,"column":4},"end":{"line":55,"column":5}},"type":"if","locations":[{"start":{"line":53,"column":4},"end":{"line":55,"column":5}},{"start":{},"end":{}}],"line":53},"1":{"loc":{"start":{"line":53,"column":8},"end":{"line":53,"column":25}},"type":"binary-expr","locations":[{"start":{"line":53,"column":8},"end":{"line":53,"column":13}},{"start":{"line":53,"column":17},"end":{"line":53,"column":25}}],"line":53}},"s":{"0":1,"1":2,"2":2,"3":2,"4":2,"5":2,"6":0,"7":2,"8":0,"9":2,"10":0,"11":0,"12":0,"13":0,"14":0,"15":0,"16":0,"17":0,"18":0,"19":0,"20":2},"f":{"0":2,"1":0,"2":0,"3":0,"4":0,"5":0,"6":0,"7":0,"8":0},"b":{"0":[0,0],"1":[0,0]},"_coverageSchema":"1a1c01bbd47fc00a2c39e90264f33305004495a9","hash":"b7fff01ab44d0ef7e3c7cd6142ad3305d76154be"}
,"D:\\ShareFolderCommon\\EmployeeManagementSystem\\employee-management\\src\\component\\Header.tsx": {"path":"D:\\ShareFolderCommon\\EmployeeManagementSystem\\employee-management\\src\\component\\Header.tsx","statementMap":{"0":{"start":{"line":8,"column":22},"end":{"line":31,"column":1}},"1":{"start":{"line":9,"column":26},"end":{"line":9,"column":43}},"2":{"start":{"line":10,"column":17},"end":{"line":12,"column":3}},"3":{"start":{"line":11,"column":4},"end":{"line":11,"column":23}},"4":{"start":{"line":13,"column":2},"end":{"line":30,"column":4}}},"fnMap":{"0":{"name":"(anonymous_0)","decl":{"start":{"line":8,"column":22},"end":{"line":8,"column":23}},"loc":{"start":{"line":8,"column":28},"end":{"line":31,"column":1}},"line":8},"1":{"name":"(anonymous_1)","decl":{"start":{"line":10,"column":17},"end":{"line":10,"column":18}},"loc":{"start":{"line":10,"column":23},"end":{"line":12,"column":3}},"line":10}},"branchMap":{},"s":{"0":0,"1":0,"2":0,"3":0,"4":0},"f":{"0":0,"1":0},"b":{}}
,"D:\\ShareFolderCommon\\EmployeeManagementSystem\\employee-management\\src\\component\\charts\\BarChartItem.tsx": {"path":"D:\\ShareFolderCommon\\EmployeeManagementSystem\\employee-management\\src\\component\\charts\\BarChartItem.tsx","statementMap":{"0":{"start":{"line":14,"column":28},"end":{"line":40,"column":1}},"1":{"start":{"line":15,"column":2},"end":{"line":39,"column":4}}},"fnMap":{"0":{"name":"(anonymous_0)","decl":{"start":{"line":14,"column":28},"end":{"line":14,"column":29}},"loc":{"start":{"line":14,"column":61},"end":{"line":40,"column":1}},"line":14}},"branchMap":{},"s":{"0":0,"1":0},"f":{"0":0},"b":{}}
,"D:\\ShareFolderCommon\\EmployeeManagementSystem\\employee-management\\src\\context\\useContext.tsx": {"path":"D:\\ShareFolderCommon\\EmployeeManagementSystem\\employee-management\\src\\context\\useContext.tsx","statementMap":{"0":{"start":{"line":4,"column":24},"end":{"line":6,"column":1}},"1":{"start":{"line":5,"column":2},"end":{"line":5,"column":34}},"2":{"start":{"line":8,"column":27},"end":{"line":10,"column":1}},"3":{"start":{"line":9,"column":2},"end":{"line":9,"column":37}}},"fnMap":{"0":{"name":"(anonymous_0)","decl":{"start":{"line":4,"column":24},"end":{"line":4,"column":25}},"loc":{"start":{"line":4,"column":30},"end":{"line":6,"column":1}},"line":4},"1":{"name":"(anonymous_1)","decl":{"start":{"line":8,"column":27},"end":{"line":8,"column":28}},"loc":{"start":{"line":8,"column":33},"end":{"line":10,"column":1}},"line":8}},"branchMap":{},"s":{"0":1,"1":0,"2":1,"3":1},"f":{"0":0,"1":1},"b":{},"_coverageSchema":"1a1c01bbd47fc00a2c39e90264f33305004495a9","hash":"0e6f14827c9252d2de6f403f4ccabbf052f41b9f"}
,"D:\\ShareFolderCommon\\EmployeeManagementSystem\\employee-management\\src\\pages\\Dashboard\\Dashboard.tsx": {"path":"D:\\ShareFolderCommon\\EmployeeManagementSystem\\employee-management\\src\\pages\\Dashboard\\Dashboard.tsx","statementMap":{"0":{"start":{"line":21,"column":25},"end":{"line":165,"column":1}},"1":{"start":{"line":22,"column":18},"end":{"line":22,"column":38}},"2":{"start":{"line":23,"column":17},"end":{"line":28,"column":3}},"3":{"start":{"line":30,"column":20},"end":{"line":156,"column":4}},"4":{"start":{"line":31,"column":4},"end":{"line":57,"column":5}},"5":{"start":{"line":32,"column":6},"end":{"line":56,"column":8}},"6":{"start":{"line":59,"column":4},"end":{"line":89,"column":5}},"7":{"start":{"line":60,"column":6},"end":{"line":88,"column":8}},"8":{"start":{"line":91,"column":4},"end":{"line":122,"column":5}},"9":{"start":{"line":92,"column":6},"end":{"line":121,"column":8}},"10":{"start":{"line":124,"column":4},"end":{"line":155,"column":5}},"11":{"start":{"line":125,"column":6},"end":{"line":154,"column":8}},"12":{"start":{"line":158,"column":2},"end":{"line":164,"column":4}}},"fnMap":{"0":{"name":"(anonymous_0)","decl":{"start":{"line":21,"column":25},"end":{"line":21,"column":26}},"loc":{"start":{"line":21,"column":31},"end":{"line":165,"column":1}},"line":21},"1":{"name":"(anonymous_1)","decl":{"start":{"line":30,"column":28},"end":{"line":30,"column":29}},"loc":{"start":{"line":30,"column":48},"end":{"line":156,"column":3}},"line":30}},"branchMap":{"0":{"loc":{"start":{"line":31,"column":4},"end":{"line":57,"column":5}},"type":"if","locations":[{"start":{"line":31,"column":4},"end":{"line":57,"column":5}},{"start":{},"end":{}}],"line":31},"1":{"loc":{"start":{"line":59,"column":4},"end":{"line":89,"column":5}},"type":"if","locations":[{"start":{"line":59,"column":4},"end":{"line":89,"column":5}},{"start":{},"end":{}}],"line":59},"2":{"loc":{"start":{"line":91,"column":4},"end":{"line":122,"column":5}},"type":"if","locations":[{"start":{"line":91,"column":4},"end":{"line":122,"column":5}},{"start":{},"end":{}}],"line":91},"3":{"loc":{"start":{"line":124,"column":4},"end":{"line":155,"column":5}},"type":"if","locations":[{"start":{"line":124,"column":4},"end":{"line":155,"column":5}},{"start":{},"end":{}}],"line":124}},"s":{"0":2,"1":1,"2":1,"3":1,"4":0,"5":0,"6":0,"7":0,"8":0,"9":0,"10":0,"11":0,"12":1},"f":{"0":1,"1":0},"b":{"0":[0,0],"1":[0,0],"2":[0,0],"3":[0,0]},"_coverageSchema":"1a1c01bbd47fc00a2c39e90264f33305004495a9","hash":"6f558b3e15a38b85e63d3a4da8ab73abab18c856"}
,"D:\\ShareFolderCommon\\EmployeeManagementSystem\\employee-management\\src\\pages\\EmployeeList\\EmpList.tsx": {"path":"D:\\ShareFolderCommon\\EmployeeManagementSystem\\employee-management\\src\\pages\\EmployeeList\\EmpList.tsx","statementMap":{"0":{"start":{"line":8,"column":23},"end":{"line":53,"column":1}},"1":{"start":{"line":9,"column":18},"end":{"line":9,"column":38}},"2":{"start":{"line":10,"column":26},"end":{"line":10,"column":47}},"3":{"start":{"line":11,"column":21},"end":{"line":11,"column":40}},"4":{"start":{"line":11,"column":27},"end":{"line":11,"column":40}},"5":{"start":{"line":12,"column":22},"end":{"line":12,"column":42}},"6":{"start":{"line":12,"column":28},"end":{"line":12,"column":42}},"7":{"start":{"line":14,"column":21},"end":{"line":27,"column":3}},"8":{"start":{"line":15,"column":17},"end":{"line":25,"column":5}},"9":{"start":{"line":17,"column":8},"end":{"line":23,"column":10}},"10":{"start":{"line":26,"column":4},"end":{"line":26,"column":16}},"11":{"start":{"line":28,"column":17},"end":{"line":31,"column":3}},"12":{"start":{"line":29,"column":4},"end":{"line":29,"column":27}},"13":{"start":{"line":30,"column":4},"end":{"line":30,"column":17}},"14":{"start":{"line":33,"column":2},"end":{"line":52,"column":4}}},"fnMap":{"0":{"name":"(anonymous_0)","decl":{"start":{"line":8,"column":23},"end":{"line":8,"column":24}},"loc":{"start":{"line":8,"column":29},"end":{"line":53,"column":1}},"line":8},"1":{"name":"(anonymous_1)","decl":{"start":{"line":11,"column":21},"end":{"line":11,"column":22}},"loc":{"start":{"line":11,"column":27},"end":{"line":11,"column":40}},"line":11},"2":{"name":"(anonymous_2)","decl":{"start":{"line":12,"column":22},"end":{"line":12,"column":23}},"loc":{"start":{"line":12,"column":28},"end":{"line":12,"column":42}},"line":12},"3":{"name":"(anonymous_3)","decl":{"start":{"line":14,"column":21},"end":{"line":14,"column":22}},"loc":{"start":{"line":14,"column":27},"end":{"line":27,"column":3}},"line":14},"4":{"name":"(anonymous_4)","decl":{"start":{"line":16,"column":6},"end":{"line":16,"column":7}},"loc":{"start":{"line":16,"column":63},"end":{"line":24,"column":7}},"line":16},"5":{"name":"(anonymous_5)","decl":{"start":{"line":28,"column":17},"end":{"line":28,"column":18}},"loc":{"start":{"line":28,"column":23},"end":{"line":31,"column":3}},"line":28}},"branchMap":{},"s":{"0":1,"1":2,"2":2,"3":2,"4":0,"5":2,"6":0,"7":2,"8":2,"9":4,"10":2,"11":2,"12":0,"13":0,"14":2},"f":{"0":2,"1":0,"2":0,"3":2,"4":4,"5":0},"b":{},"_coverageSchema":"1a1c01bbd47fc00a2c39e90264f33305004495a9","hash":"84c5d1761b3a66b946c9062612cb4ee5f7349076"}
,"D:\\ShareFolderCommon\\EmployeeManagementSystem\\employee-management\\src\\pages\\Login\\Login.tsx": {"path":"D:\\ShareFolderCommon\\EmployeeManagementSystem\\employee-management\\src\\pages\\Login\\Login.tsx","statementMap":{"0":{"start":{"line":7,"column":21},"end":{"line":60,"column":1}},"1":{"start":{"line":8,"column":18},"end":{"line":8,"column":30}},"2":{"start":{"line":9,"column":17},"end":{"line":9,"column":29}},"3":{"start":{"line":10,"column":26},"end":{"line":10,"column":43}},"4":{"start":{"line":11,"column":26},"end":{"line":11,"column":38}},"5":{"start":{"line":12,"column":24},"end":{"line":12,"column":36}},"6":{"start":{"line":14,"column":22},"end":{"line":18,"column":3}},"7":{"start":{"line":15,"column":19},"end":{"line":15,"column":27}},"8":{"start":{"line":16,"column":4},"end":{"line":16,"column":24}},"9":{"start":{"line":17,"column":4},"end":{"line":17,"column":28}},"10":{"start":{"line":20,"column":21},"end":{"line":22,"column":3}},"11":{"start":{"line":21,"column":4},"end":{"line":21,"column":27}},"12":{"start":{"line":24,"column":23},"end":{"line":34,"column":3}},"13":{"start":{"line":25,"column":22},"end":{"line":25,"column":30}},"14":{"start":{"line":26,"column":21},"end":{"line":26,"column":26}},"15":{"start":{"line":27,"column":4},"end":{"line":31,"column":5}},"16":{"start":{"line":28,"column":6},"end":{"line":28,"column":24}},"17":{"start":{"line":30,"column":6},"end":{"line":30,"column":25}},"18":{"start":{"line":36,"column":2},"end":{"line":59,"column":4}}},"fnMap":{"0":{"name":"(anonymous_0)","decl":{"start":{"line":7,"column":21},"end":{"line":7,"column":22}},"loc":{"start":{"line":7,"column":27},"end":{"line":60,"column":1}},"line":7},"1":{"name":"(anonymous_1)","decl":{"start":{"line":14,"column":22},"end":{"line":14,"column":23}},"loc":{"start":{"line":14,"column":66},"end":{"line":18,"column":3}},"line":14},"2":{"name":"(anonymous_2)","decl":{"start":{"line":20,"column":21},"end":{"line":20,"column":22}},"loc":{"start":{"line":20,"column":65},"end":{"line":22,"column":3}},"line":20},"3":{"name":"(anonymous_3)","decl":{"start":{"line":24,"column":23},"end":{"line":24,"column":24}},"loc":{"start":{"line":24,"column":29},"end":{"line":34,"column":3}},"line":24}},"branchMap":{"0":{"loc":{"start":{"line":27,"column":4},"end":{"line":31,"column":5}},"type":"if","locations":[{"start":{"line":27,"column":4},"end":{"line":31,"column":5}},{"start":{"line":29,"column":11},"end":{"line":31,"column":5}}],"line":27},"1":{"loc":{"start":{"line":27,"column":8},"end":{"line":27,"column":46}},"type":"binary-expr","locations":[{"start":{"line":27,"column":8},"end":{"line":27,"column":26}},{"start":{"line":27,"column":30},"end":{"line":27,"column":46}}],"line":27}},"s":{"0":1,"1":7,"2":7,"3":7,"4":7,"5":7,"6":7,"7":2,"8":2,"9":2,"10":7,"11":2,"12":7,"13":2,"14":2,"15":2,"16":1,"17":1,"18":7},"f":{"0":7,"1":2,"2":2,"3":2},"b":{"0":[1,1],"1":[2,1]},"_coverageSchema":"1a1c01bbd47fc00a2c39e90264f33305004495a9","hash":"00f3ed1b91fac8d3e4bcdd97113f4ea6bb6f5fae"}
,"D:\\ShareFolderCommon\\EmployeeManagementSystem\\employee-management\\src\\pages\\Notfound\\NoFound.tsx": {"path":"D:\\ShareFolderCommon\\EmployeeManagementSystem\\employee-management\\src\\pages\\Notfound\\NoFound.tsx","statementMap":{"0":{"start":{"line":4,"column":16},"end":{"line":6,"column":1}},"1":{"start":{"line":5,"column":2},"end":{"line":5,"column":28}}},"fnMap":{"0":{"name":"(anonymous_0)","decl":{"start":{"line":4,"column":16},"end":{"line":4,"column":17}},"loc":{"start":{"line":4,"column":22},"end":{"line":6,"column":1}},"line":4}},"branchMap":{},"s":{"0":0,"1":0},"f":{"0":0},"b":{}}
}
