TN:
SF:src\context\useContext.tsx
FN:4,(anonymous_0)
FN:8,(anonymous_1)
FNF:2
FNH:1
FNDA:0,(anonymous_0)
FNDA:1,(anonymous_1)
DA:4,1
DA:5,0
DA:8,1
DA:9,1
LF:4
LH:3
BRF:0
BRH:0
end_of_record
TN:
SF:src\pages\Dashboard\Dashboard.tsx
FN:19,(anonymous_0)
FN:28,(anonymous_1)
FNF:2
FNH:1
FNDA:1,(anonymous_0)
FNDA:0,(anonymous_1)
DA:19,2
DA:20,1
DA:21,1
DA:28,1
DA:29,0
DA:30,0
DA:57,0
DA:58,0
DA:89,0
DA:90,0
DA:122,0
DA:123,0
DA:156,1
LF:13
LH:5
BRDA:29,0,0,0
BRDA:29,0,1,0
BRDA:57,1,0,0
BRDA:57,1,1,0
BRDA:89,2,0,0
BRDA:89,2,1,0
BRDA:122,3,0,0
BRDA:122,3,1,0
BRF:8
BRH:0
end_of_record
TN:
SF:src\pages\EmployeeList\EmpList.tsx
FN:8,(anonymous_0)
FN:11,(anonymous_1)
FN:12,(anonymous_2)
FN:14,(anonymous_3)
FN:16,(anonymous_4)
FN:28,(anonymous_5)
FNF:6
FNH:3
FNDA:2,(anonymous_0)
FNDA:0,(anonymous_1)
FNDA:0,(anonymous_2)
FNDA:2,(anonymous_3)
FNDA:4,(anonymous_4)
FNDA:0,(anonymous_5)
DA:8,1
DA:9,2
DA:10,2
DA:11,2
DA:12,2
DA:14,2
DA:15,2
DA:17,4
DA:26,2
DA:28,2
DA:29,0
DA:30,0
DA:33,2
LF:13
LH:11
BRF:0
BRH:0
end_of_record
TN:
SF:src\pages\Login\Login.tsx
FN:7,(anonymous_0)
FN:14,(anonymous_1)
FN:20,(anonymous_2)
FN:24,(anonymous_3)
FNF:4
FNH:4
FNDA:7,(anonymous_0)
FNDA:2,(anonymous_1)
FNDA:2,(anonymous_2)
FNDA:2,(anonymous_3)
DA:7,1
DA:8,7
DA:9,7
DA:10,7
DA:11,7
DA:12,7
DA:14,7
DA:15,2
DA:16,2
DA:17,2
DA:20,7
DA:21,2
DA:24,7
DA:25,2
DA:26,2
DA:27,2
DA:28,1
DA:30,1
DA:36,7
LF:19
LH:19
BRDA:27,0,0,1
BRDA:27,0,1,1
BRDA:27,1,0,2
BRDA:27,1,1,1
BRF:4
BRH:4
end_of_record
